<?xml version="1.0" encoding="UTF-8"?>
<!-- Generated by org.testng.reporters.JUnitReportReporter -->
<testsuite hostname="SUBINs-MacBook-Air.local" failures="0" tests="1" name="in.qa.testcases.TestCase" time="45.581" errors="0" timestamp="2023-03-22T19:33:40 IST" skipped="0">
  <testcase classname="in.qa.testcases.TestCase" name="searchProdcut" time="45.581"/>
  <system-out/>
</testsuite> <!-- in.qa.testcases.TestCase -->
